<?xml version="1.0" encoding="UTF-8"?>
<testng-results skipped="0" failed="0" ignored="0" total="2" passed="2">
  <reporter-output>
  </reporter-output>
  <suite name="Default suite" duration-ms="14192" started-at="2018-08-01T12:09:56Z" finished-at="2018-08-01T12:10:10Z">
    <groups>
    </groups>
    <test name="Default test" duration-ms="14192" started-at="2018-08-01T12:09:56Z" finished-at="2018-08-01T12:10:10Z">
      <class name="automation.NewTest">
        <test-method status="PASS" signature="beforeMethod()[pri:0, instance:automation.NewTest@4f933fd1]" name="beforeMethod" is-config="true" duration-ms="19760" started-at="2018-08-01T12:09:36Z" finished-at="2018-08-01T12:09:56Z">
          <reporter-output>
          </reporter-output>
        </test-method> <!-- beforeMethod -->
        <test-method status="PASS" signature="f()[pri:0, instance:automation.NewTest@4f933fd1]" name="f" duration-ms="7744" started-at="2018-08-01T12:09:56Z" finished-at="2018-08-01T12:10:04Z">
          <reporter-output>
          </reporter-output>
        </test-method> <!-- f -->
        <test-method status="PASS" signature="f1()[pri:0, instance:automation.NewTest@4f933fd1]" name="f1" duration-ms="6385" started-at="2018-08-01T12:10:04Z" finished-at="2018-08-01T12:10:10Z">
          <reporter-output>
          </reporter-output>
        </test-method> <!-- f1 -->
        <test-method status="PASS" signature="afterMethod()[pri:0, instance:automation.NewTest@4f933fd1]" name="afterMethod" is-config="true" duration-ms="162" started-at="2018-08-01T12:10:10Z" finished-at="2018-08-01T12:10:10Z">
          <reporter-output>
          </reporter-output>
        </test-method> <!-- afterMethod -->
      </class> <!-- automation.NewTest -->
    </test> <!-- Default test -->
  </suite> <!-- Default suite -->
</testng-results>
