<?xml version="1.0" encoding="UTF-8"?>
<testng-results skipped="0" failed="0" ignored="0" total="3" passed="3">
  <reporter-output>
  </reporter-output>
  <suite name="Default suite" duration-ms="72991" started-at="2018-08-08T05:06:38Z" finished-at="2018-08-08T05:07:51Z">
    <groups>
    </groups>
    <test name="Default test" duration-ms="72991" started-at="2018-08-08T05:06:38Z" finished-at="2018-08-08T05:07:51Z">
      <class name="asgn3.NewTest">
        <test-method status="PASS" signature="beforeSuite()[pri:0, instance:asgn3.NewTest@4f933fd1]" name="beforeSuite" is-config="true" duration-ms="5050" started-at="2018-08-08T05:06:38Z" finished-at="2018-08-08T05:06:43Z">
          <reporter-output>
          </reporter-output>
        </test-method> <!-- beforeSuite -->
        <test-method status="PASS" signature="f()[pri:0, instance:asgn3.NewTest@4f933fd1]" name="f" duration-ms="18436" started-at="2018-08-08T05:06:43Z" finished-at="2018-08-08T05:07:02Z">
          <reporter-output>
          </reporter-output>
        </test-method> <!-- f -->
        <test-method status="PASS" signature="afterSuite()[pri:0, instance:asgn3.NewTest@4f933fd1]" name="afterSuite" is-config="true" duration-ms="208" started-at="2018-08-08T05:07:02Z" finished-at="2018-08-08T05:07:02Z">
          <reporter-output>
          </reporter-output>
        </test-method> <!-- afterSuite -->
        <test-method status="PASS" signature="beforeSuite()[pri:0, instance:asgn3.NewTest@4f933fd1]" name="beforeSuite" is-config="true" duration-ms="4461" started-at="2018-08-08T05:07:02Z" finished-at="2018-08-08T05:07:06Z">
          <reporter-output>
          </reporter-output>
        </test-method> <!-- beforeSuite -->
        <test-method status="PASS" signature="f1()[pri:0, instance:asgn3.NewTest@4f933fd1]" name="f1" duration-ms="19789" started-at="2018-08-08T05:07:06Z" finished-at="2018-08-08T05:07:26Z">
          <reporter-output>
          </reporter-output>
        </test-method> <!-- f1 -->
        <test-method status="PASS" signature="afterSuite()[pri:0, instance:asgn3.NewTest@4f933fd1]" name="afterSuite" is-config="true" duration-ms="212" started-at="2018-08-08T05:07:26Z" finished-at="2018-08-08T05:07:26Z">
          <reporter-output>
          </reporter-output>
        </test-method> <!-- afterSuite -->
        <test-method status="PASS" signature="beforeSuite()[pri:0, instance:asgn3.NewTest@4f933fd1]" name="beforeSuite" is-config="true" duration-ms="4610" started-at="2018-08-08T05:07:26Z" finished-at="2018-08-08T05:07:31Z">
          <reporter-output>
          </reporter-output>
        </test-method> <!-- beforeSuite -->
        <test-method status="PASS" signature="f2()[pri:0, instance:asgn3.NewTest@4f933fd1]" name="f2" duration-ms="20021" started-at="2018-08-08T05:07:31Z" finished-at="2018-08-08T05:07:51Z">
          <reporter-output>
          </reporter-output>
        </test-method> <!-- f2 -->
        <test-method status="PASS" signature="afterSuite()[pri:0, instance:asgn3.NewTest@4f933fd1]" name="afterSuite" is-config="true" duration-ms="160" started-at="2018-08-08T05:07:51Z" finished-at="2018-08-08T05:07:51Z">
          <reporter-output>
          </reporter-output>
        </test-method> <!-- afterSuite -->
      </class> <!-- asgn3.NewTest -->
    </test> <!-- Default test -->
  </suite> <!-- Default suite -->
</testng-results>
