<?xml version="1.0" encoding="UTF-8"?>
<testng-results skipped="0" failed="0" total="2" passed="2">
  <reporter-output>
  </reporter-output>
  <suite name="Default suite" duration-ms="9041" started-at="2018-08-03T11:59:44Z" finished-at="2018-08-03T11:59:53Z">
    <groups>
    </groups>
    <test name="Default test" duration-ms="9041" started-at="2018-08-03T11:59:44Z" finished-at="2018-08-03T11:59:53Z">
      <class name="testObject.NewTest">
        <test-method status="PASS" signature="beforeSuite()[pri:0, instance:testObject.NewTest@6574b225]" name="beforeSuite" is-config="true" duration-ms="16627" started-at="2018-08-03T17:29:27Z" finished-at="2018-08-03T17:29:44Z">
          <reporter-output>
          </reporter-output>
        </test-method> <!-- beforeSuite -->
        <test-method status="PASS" signature="f()[pri:0, instance:testObject.NewTest@6574b225]" name="f" duration-ms="828" started-at="2018-08-03T17:29:44Z" finished-at="2018-08-03T17:29:45Z">
          <reporter-output>
          </reporter-output>
        </test-method> <!-- f -->
        <test-method status="PASS" signature="f1()[pri:0, instance:testObject.NewTest@6574b225]" name="f1" duration-ms="8181" started-at="2018-08-03T17:29:45Z" finished-at="2018-08-03T17:29:53Z">
          <reporter-output>
          </reporter-output>
        </test-method> <!-- f1 -->
        <test-method status="PASS" signature="afterSuite()[pri:0, instance:testObject.NewTest@6574b225]" name="afterSuite" is-config="true" duration-ms="221" started-at="2018-08-03T17:29:53Z" finished-at="2018-08-03T17:29:53Z">
          <reporter-output>
          </reporter-output>
        </test-method> <!-- afterSuite -->
      </class> <!-- testObject.NewTest -->
    </test> <!-- Default test -->
  </suite> <!-- Default suite -->
</testng-results>
