<?xml version="1.0" encoding="UTF-8"?>
<!-- Generated by org.testng.reporters.JUnitXMLReporter -->
<testsuite hostname="G1C2ML15666" ignored="0" name="Default test" tests="4" failures="0" timestamp="03 Aug 2018 04:33:11 GMT" time="9.181" errors="0">
  <testcase name="f" time="0.752" classname="ams.NewTest"/>
  <testcase name="f1" time="5.568" classname="ams.NewTest"/>
  <testcase name="f2" time="2.124" classname="ams.NewTest"/>
  <testcase name="f3" time="0.692" classname="ams.NewTest"/>
</testsuite> <!-- Default test -->
