<?xml version="1.0" encoding="UTF-8"?>
<testng-results skipped="0" failed="0" ignored="0" total="4" passed="4">
  <reporter-output>
  </reporter-output>
  <suite name="Default suite" duration-ms="9181" started-at="2018-08-03T04:33:02Z" finished-at="2018-08-03T04:33:11Z">
    <groups>
    </groups>
    <test name="Default test" duration-ms="9181" started-at="2018-08-03T04:33:02Z" finished-at="2018-08-03T04:33:11Z">
      <class name="ams.NewTest">
        <test-method status="PASS" signature="beforeMethod()[pri:0, instance:ams.NewTest@4f933fd1]" name="beforeMethod" is-config="true" duration-ms="5913" started-at="2018-08-03T04:32:56Z" finished-at="2018-08-03T04:33:02Z">
          <reporter-output>
          </reporter-output>
        </test-method> <!-- beforeMethod -->
        <test-method status="PASS" signature="f()[pri:0, instance:ams.NewTest@4f933fd1]" name="f" duration-ms="752" started-at="2018-08-03T04:33:02Z" finished-at="2018-08-03T04:33:03Z">
          <reporter-output>
          </reporter-output>
        </test-method> <!-- f -->
        <test-method status="PASS" signature="f1()[pri:0, instance:ams.NewTest@4f933fd1]" name="f1" duration-ms="5568" started-at="2018-08-03T04:33:03Z" finished-at="2018-08-03T04:33:08Z">
          <reporter-output>
          </reporter-output>
        </test-method> <!-- f1 -->
        <test-method status="PASS" signature="f2()[pri:0, instance:ams.NewTest@4f933fd1]" name="f2" duration-ms="2124" started-at="2018-08-03T04:33:08Z" finished-at="2018-08-03T04:33:10Z">
          <reporter-output>
          </reporter-output>
        </test-method> <!-- f2 -->
        <test-method status="PASS" signature="f3()[pri:0, instance:ams.NewTest@4f933fd1]" name="f3" duration-ms="692" started-at="2018-08-03T04:33:10Z" finished-at="2018-08-03T04:33:11Z">
          <reporter-output>
          </reporter-output>
        </test-method> <!-- f3 -->
        <test-method status="PASS" signature="afterMethod()[pri:0, instance:ams.NewTest@4f933fd1]" name="afterMethod" is-config="true" duration-ms="223" started-at="2018-08-03T04:33:11Z" finished-at="2018-08-03T04:33:11Z">
          <reporter-output>
          </reporter-output>
        </test-method> <!-- afterMethod -->
      </class> <!-- ams.NewTest -->
    </test> <!-- Default test -->
  </suite> <!-- Default suite -->
</testng-results>
